<?xml version="1.0" encoding="UTF-8"?>
<!-- Generated by org.testng.reporters.JUnitReportReporter -->
<testsuite skipped="0" hostname="DESKTOP-ATOQJFI" name="com.atmecs.phptravel.testscript.TestScript" tests="1" failures="0" timestamp="2020-09-18T09:15:05 PDT" time="31.328" errors="0">
  <testcase name="handlingFrames" time="31.328" classname="com.atmecs.phptravel.testscript.TestScript"/>
  <system-out/>
</testsuite> <!-- com.atmecs.phptravel.testscript.TestScript -->
